生成启动时间为 2015/2/6 20:35:09。
     1>项目“F:\MyProgram\CPP\MFC_Image\MFC_Image\MFC_Image\MFC_Image.vcxproj”在节点 2 上(build 个目标)。
     1>InitializeBuildStatus:
         正在创建“Debug\MFC_Image.unsuccessfulbuild”，因为已指定“AlwaysCreate”。
       ClCompile:
         所有输出均为最新。
         D:\Microsoft Visual Studio 10.0\VC\bin\CL.exe /c /ZI /nologo /W3 /WX- /Od /Oy- /D WIN32 /D _WINDOWS /D _DEBUG /D _UNICODE /D UNICODE /D _AFXDLL /Gm /EHsc /RTC1 /MDd /GS /fp:precise /Zc:wchar_t /Zc:forScope /Yu"StdAfx.h" /Fp"Debug\MFC_Image.pch" /Fo"Debug\\" /Fd"Debug\vc100.pdb" /Gd /TP /analyze- /errorReport:prompt PreviewDlg.cpp
         PreviewDlg.cpp
       ResourceCompile:
         所有输出均为最新。
       ManifestResourceCompile:
         所有输出均为最新。
       Link:
         D:\Microsoft Visual Studio 10.0\VC\bin\link.exe /ERRORREPORT:PROMPT /OUT:"F:\MyProgram\CPP\MFC_Image\MFC_Image\Debug\MFC_Image.exe" /INCREMENTAL /NOLOGO /MANIFEST /ManifestFile:"Debug\MFC_Image.exe.intermediate.manifest" /MANIFESTUAC:"level='asInvoker' uiAccess='false'" /DEBUG /PDB:"F:\MyProgram\CPP\MFC_Image\MFC_Image\Debug\MFC_Image.pdb" /SUBSYSTEM:WINDOWS /TLBID:1 /ENTRY:"wWinMainCRTStartup" /DYNAMICBASE /NXCOMPAT /IMPLIB:"F:\MyProgram\CPP\MFC_Image\MFC_Image\Debug\MFC_Image.lib" /MACHINE:X86 Debug\MFC_Image.res
         Debug\MFC_Image.exe.embed.manifest.res
         Debug\MainFrm.obj
         Debug\MFC_Image.obj
         Debug\MFC_ImageDoc.obj
         Debug\MFC_ImageView.obj
         Debug\PreviewDlg.obj
         Debug\stdafx.obj
       Manifest:
         C:\Program Files (x86)\Microsoft SDKs\Windows\v7.0A\bin\mt.exe /nologo /verbose /out:"Debug\MFC_Image.exe.embed.manifest" /manifest Debug\MFC_Image.exe.intermediate.manifest "D:\Microsoft Visual Studio 10.0\VC\Include\Manifest\dpiaware.manifest"
         所有输出均为最新。
       LinkEmbedManifest:
         所有输出均为最新。
         MFC_Image.vcxproj -> F:\MyProgram\CPP\MFC_Image\MFC_Image\Debug\MFC_Image.exe
       FinalizeBuildStatus:
         正在删除文件“Debug\MFC_Image.unsuccessfulbuild”。
         正在对“Debug\MFC_Image.lastbuildstate”执行 Touch 任务。
     1>已完成生成项目“F:\MyProgram\CPP\MFC_Image\MFC_Image\MFC_Image\MFC_Image.vcxproj”(build 个目标)的操作。

生成成功。

已用时间 00:00:01.34
