F:\MYPROGRAM\CPP\MFC_IMAGE\MFC_IMAGE\DEBUG\MFC_IMAGE.EXE
F:\MYPROGRAM\CPP\MFC_IMAGE\MFC_IMAGE\DEBUG\MFC_IMAGE.ILK
F:\MYPROGRAM\CPP\MFC_IMAGE\MFC_IMAGE\DEBUG\MFC_IMAGE.PDB
F:\MyProgram\CPP\MFC_Image\MFC_Image\MFC_Image\Debug\cl.command.1.tlog
F:\MyProgram\CPP\MFC_Image\MFC_Image\MFC_Image\Debug\CL.read.1.tlog
F:\MyProgram\CPP\MFC_Image\MFC_Image\MFC_Image\Debug\CL.write.1.tlog
F:\MyProgram\CPP\MFC_Image\MFC_Image\MFC_Image\Debug\link.27932.read.1.tlog
F:\MyProgram\CPP\MFC_Image\MFC_Image\MFC_Image\Debug\link.27932.write.1.tlog
F:\MyProgram\CPP\MFC_Image\MFC_Image\MFC_Image\Debug\link.27932-cvtres.read.1.tlog
F:\MyProgram\CPP\MFC_Image\MFC_Image\MFC_Image\Debug\link.27932-cvtres.write.1.tlog
F:\MyProgram\CPP\MFC_Image\MFC_Image\MFC_Image\Debug\link.command.1.tlog
F:\MyProgram\CPP\MFC_Image\MFC_Image\MFC_Image\Debug\link.read.1.tlog
F:\MyProgram\CPP\MFC_Image\MFC_Image\MFC_Image\Debug\link.write.1.tlog
F:\MyProgram\CPP\MFC_Image\MFC_Image\MFC_Image\Debug\link-cvtres.read.1.tlog
F:\MyProgram\CPP\MFC_Image\MFC_Image\MFC_Image\Debug\link-cvtres.write.1.tlog
F:\MYPROGRAM\CPP\MFC_IMAGE\MFC_IMAGE\MFC_IMAGE\DEBUG\MAINFRM.OBJ
F:\MYPROGRAM\CPP\MFC_IMAGE\MFC_IMAGE\MFC_IMAGE\DEBUG\MFC_IMAGE.EXE.EMBED.MANIFEST
F:\MYPROGRAM\CPP\MFC_IMAGE\MFC_IMAGE\MFC_IMAGE\DEBUG\MFC_IMAGE.EXE.EMBED.MANIFEST.RES
F:\MYPROGRAM\CPP\MFC_IMAGE\MFC_IMAGE\MFC_IMAGE\DEBUG\MFC_IMAGE.EXE.INTERMEDIATE.MANIFEST
F:\MYPROGRAM\CPP\MFC_IMAGE\MFC_IMAGE\MFC_IMAGE\DEBUG\MFC_IMAGE.OBJ
F:\MYPROGRAM\CPP\MFC_IMAGE\MFC_IMAGE\MFC_IMAGE\DEBUG\MFC_IMAGE.PCH
F:\MYPROGRAM\CPP\MFC_IMAGE\MFC_IMAGE\MFC_IMAGE\DEBUG\MFC_IMAGE.RES
F:\MyProgram\CPP\MFC_Image\MFC_Image\MFC_Image\Debug\MFC_Image.vcxprojResolveAssemblyReference.cache
F:\MyProgram\CPP\MFC_Image\MFC_Image\MFC_Image\Debug\MFC_Image.write.1.tlog
F:\MyProgram\CPP\MFC_Image\MFC_Image\MFC_Image\Debug\MFC_Image_manifest.rc
F:\MYPROGRAM\CPP\MFC_IMAGE\MFC_IMAGE\MFC_IMAGE\DEBUG\MFC_IMAGEDOC.OBJ
F:\MYPROGRAM\CPP\MFC_IMAGE\MFC_IMAGE\MFC_IMAGE\DEBUG\MFC_IMAGEVIEW.OBJ
F:\MyProgram\CPP\MFC_Image\MFC_Image\MFC_Image\Debug\mt.command.1.tlog
F:\MyProgram\CPP\MFC_Image\MFC_Image\MFC_Image\Debug\mt.read.1.tlog
F:\MyProgram\CPP\MFC_Image\MFC_Image\MFC_Image\Debug\mt.write.1.tlog
F:\MYPROGRAM\CPP\MFC_IMAGE\MFC_IMAGE\MFC_IMAGE\DEBUG\PREVIEWDLG.OBJ
F:\MyProgram\CPP\MFC_Image\MFC_Image\MFC_Image\Debug\rc.command.1.tlog
F:\MyProgram\CPP\MFC_Image\MFC_Image\MFC_Image\Debug\rc.read.1.tlog
F:\MyProgram\CPP\MFC_Image\MFC_Image\MFC_Image\Debug\rc.write.1.tlog
F:\MYPROGRAM\CPP\MFC_IMAGE\MFC_IMAGE\MFC_IMAGE\DEBUG\STDAFX.OBJ
F:\MyProgram\CPP\MFC_Image\MFC_Image\MFC_Image\Debug\vc100.idb
F:\MYPROGRAM\CPP\MFC_IMAGE\MFC_IMAGE\MFC_IMAGE\DEBUG\VC100.PDB
